<?xml version="1.0" encoding="UTF-8"?>
<!-- Generated by org.testng.reporters.JUnitReportReporter -->
<testsuite hostname="DESKTOP-V37ESTU" name="com.phptravels.webtesting.Testcase007" tests="1" failures="0" timestamp="3 May 2020 20:15:44 GMT" time="8.283" errors="0">
  <testcase name="testcase" time="8.283" classname="com.phptravels.webtesting.Testcase007"/>
</testsuite> <!-- com.phptravels.webtesting.Testcase007 -->
