<?xml version="1.0" encoding="UTF-8"?>
<!-- Generated by org.testng.reporters.JUnitReportReporter -->
<testsuite hostname="DESKTOP-V37ESTU" name="com.phptravels.webtesting.Testcase005" tests="6" failures="0" timestamp="3 May 2020 21:50:32 GMT" time="86.836" errors="0">
  <testcase name="testingInvalidEmailAddress" time="15.288" classname="com.phptravels.webtesting.Testcase005"/>
  <testcase name="testingInvalidEmailAddress" time="14.093" classname="com.phptravels.webtesting.Testcase005"/>
  <testcase name="testingInvalidEmailAddress" time="15.293" classname="com.phptravels.webtesting.Testcase005"/>
  <testcase name="testingInvalidEmailAddress" time="13.626" classname="com.phptravels.webtesting.Testcase005"/>
  <testcase name="testingInvalidEmailAddress" time="14.397" classname="com.phptravels.webtesting.Testcase005"/>
  <testcase name="testingInvalidEmailAddress" time="14.139" classname="com.phptravels.webtesting.Testcase005"/>
</testsuite> <!-- com.phptravels.webtesting.Testcase005 -->
