<?xml version="1.0" encoding="UTF-8"?>
<!-- Generated by org.testng.reporters.JUnitReportReporter -->
<testsuite hostname="DESKTOP-V37ESTU" name="com.phptravels.webtesting.Testcase008" tests="1" failures="0" timestamp="10 May 2020 11:35:38 GMT" time="1.980" errors="0">
  <testcase name="testingHttpResponse" time="1.980" classname="com.phptravels.webtesting.Testcase008"/>
</testsuite> <!-- com.phptravels.webtesting.Testcase008 -->
