<?xml version="1.0" encoding="UTF-8"?>
<!-- Generated by org.testng.reporters.JUnitReportReporter -->
<testsuite hostname="DESKTOP-V37ESTU" name="com.phptravels.webtesting.Testcase001" tests="5" failures="0" timestamp="3 May 2020 21:36:16 GMT" time="83.202" errors="0">
  <testcase name="testingEmptyData" time="14.244" classname="com.phptravels.webtesting.Testcase001"/>
  <testcase name="testingEmptyData" time="17.972" classname="com.phptravels.webtesting.Testcase001"/>
  <testcase name="testingEmptyData" time="13.073" classname="com.phptravels.webtesting.Testcase001"/>
  <testcase name="testingEmptyData" time="15.342" classname="com.phptravels.webtesting.Testcase001"/>
  <testcase name="testingEmptyData" time="22.571" classname="com.phptravels.webtesting.Testcase001"/>
</testsuite> <!-- com.phptravels.webtesting.Testcase001 -->
